<?xml version="1.0" encoding="UTF-8"?>
<!-- Generated by org.testng.reporters.JUnitXMLReporter -->
<testsuite ignored="0" hostname="QT-INBG-LT0414" failures="0" tests="13" name="Default test" time="70.158" errors="0" timestamp="2022-09-19T15:24:44 IST">
  <testcase classname="page.Contact" name="login" time="7.015"/>
  <testcase classname="page.Contact" name="login" time="5.135"/>
  <testcase classname="page.Contact" name="login" time="5.971"/>
  <testcase classname="page.Contact" name="login" time="4.345"/>
  <testcase classname="page.Contact" name="login" time="5.791"/>
  <testcase classname="page.Contact" name="login" time="5.29"/>
  <testcase classname="page.Contact" name="login" time="5.895"/>
  <testcase classname="page.Contact" name="login" time="4.93"/>
  <testcase classname="page.Contact" name="login" time="4.093"/>
  <testcase classname="page.Contact" name="login" time="4.483"/>
  <testcase classname="page.Contact" name="login" time="5.8"/>
  <testcase classname="page.Contact" name="login" time="5.665"/>
  <testcase classname="page.Contact" name="login" time="5.679"/>
</testsuite> <!-- Default test -->
