<?xml version="1.0" encoding="UTF-8"?>
<testng-results ignored="0" total="81" passed="76" failed="5" skipped="0">
  <reporter-output>
  </reporter-output>
  <suite started-at="2022-09-19T16:36:33 IST" name="Suite" finished-at="2022-09-19T16:46:35 IST" duration-ms="601364">
    <groups>
    </groups>
    <test started-at="2022-09-19T16:36:33 IST" name="automation" finished-at="2022-09-19T16:46:35 IST" duration-ms="601364">
      <class name="page.Contact">
        <test-method signature="login(java.lang.String,java.lang.String,java.lang.String,java.lang.String)[pri:0, instance:page.Contact@5acf93bb]" started-at="2022-09-19T16:39:46 IST" name="login" data-provider="details" finished-at="2022-09-19T16:39:52 IST" duration-ms="6590" status="PASS">
          <params>
            <param index="0">
              <value>
                <![CDATA[lakshmi]]>
              </value>
            </param>
            <param index="1">
              <value>
                <![CDATA[komatineni@gmail.com]]>
              </value>
            </param>
            <param index="2">
              <value>
                <![CDATA[9618484594]]>
              </value>
            </param>
            <param index="3">
              <value>
                <![CDATA[hello]]>
              </value>
            </param>
          </params>
          <reporter-output>
          </reporter-output>
        </test-method> <!-- login -->
        <test-method signature="login(java.lang.String,java.lang.String,java.lang.String,java.lang.String)[pri:0, instance:page.Contact@5acf93bb]" started-at="2022-09-19T16:39:52 IST" name="login" data-provider="details" finished-at="2022-09-19T16:39:59 IST" duration-ms="7094" status="PASS">
          <params>
            <param index="0">
              <value>
                <![CDATA[la]]>
              </value>
            </param>
            <param index="1">
              <value>
                <![CDATA[komatineni@gmail.com]]>
              </value>
            </param>
            <param index="2">
              <value>
                <![CDATA[9618484594]]>
              </value>
            </param>
            <param index="3">
              <value>
                <![CDATA[hill]]>
              </value>
            </param>
          </params>
          <reporter-output>
          </reporter-output>
        </test-method> <!-- login -->
        <test-method signature="login(java.lang.String,java.lang.String,java.lang.String,java.lang.String)[pri:0, instance:page.Contact@5acf93bb]" started-at="2022-09-19T16:39:59 IST" name="login" data-provider="details" finished-at="2022-09-19T16:40:05 IST" duration-ms="5900" status="PASS">
          <params>
            <param index="0">
              <value>
                <![CDATA[LLLLLLLLLLLLLLLLLLLLL]]>
              </value>
            </param>
            <param index="1">
              <value>
                <![CDATA[komatineni@gmail.com]]>
              </value>
            </param>
            <param index="2">
              <value>
                <![CDATA[9618484594]]>
              </value>
            </param>
            <param index="3">
              <value>
                <![CDATA[hill]]>
              </value>
            </param>
          </params>
          <reporter-output>
          </reporter-output>
        </test-method> <!-- login -->
        <test-method signature="login(java.lang.String,java.lang.String,java.lang.String,java.lang.String)[pri:0, instance:page.Contact@5acf93bb]" started-at="2022-09-19T16:40:05 IST" name="login" data-provider="details" finished-at="2022-09-19T16:40:10 IST" duration-ms="4968" status="PASS">
          <params>
            <param index="0">
              <value>
                <![CDATA[@@@@@@@@@@@@@]]>
              </value>
            </param>
            <param index="1">
              <value>
                <![CDATA[komatineni@gmail.com]]>
              </value>
            </param>
            <param index="2">
              <value>
                <![CDATA[9618484594]]>
              </value>
            </param>
            <param index="3">
              <value>
                <![CDATA[helooo]]>
              </value>
            </param>
          </params>
          <reporter-output>
          </reporter-output>
        </test-method> <!-- login -->
        <test-method signature="login(java.lang.String,java.lang.String,java.lang.String,java.lang.String)[pri:0, instance:page.Contact@5acf93bb]" started-at="2022-09-19T16:40:10 IST" name="login" data-provider="details" finished-at="2022-09-19T16:40:15 IST" duration-ms="4270" status="PASS">
          <params>
            <param index="0">
              <value>
                <![CDATA[11111111111111111]]>
              </value>
            </param>
            <param index="1">
              <value>
                <![CDATA[komatineni@gmail.com]]>
              </value>
            </param>
            <param index="2">
              <value>
                <![CDATA[9618484594]]>
              </value>
            </param>
            <param index="3">
              <value>
                <![CDATA[helooo]]>
              </value>
            </param>
          </params>
          <reporter-output>
          </reporter-output>
        </test-method> <!-- login -->
        <test-method signature="login(java.lang.String,java.lang.String,java.lang.String,java.lang.String)[pri:0, instance:page.Contact@5acf93bb]" started-at="2022-09-19T16:40:15 IST" name="login" data-provider="details" finished-at="2022-09-19T16:40:20 IST" duration-ms="5211" status="PASS">
          <params>
            <param index="0">
              <value>
                <![CDATA[       ]]>
              </value>
            </param>
            <param index="1">
              <value>
                <![CDATA[komatineni@gmail.com]]>
              </value>
            </param>
            <param index="2">
              <value>
                <![CDATA[9618484594]]>
              </value>
            </param>
            <param index="3">
              <value>
                <![CDATA[helooo]]>
              </value>
            </param>
          </params>
          <reporter-output>
          </reporter-output>
        </test-method> <!-- login -->
        <test-method signature="login(java.lang.String,java.lang.String,java.lang.String,java.lang.String)[pri:0, instance:page.Contact@5acf93bb]" started-at="2022-09-19T16:40:20 IST" name="login" data-provider="details" finished-at="2022-09-19T16:40:25 IST" duration-ms="4949" status="PASS">
          <params>
            <param index="0">
              <value>
                <![CDATA[lakshmi]]>
              </value>
            </param>
            <param index="1">
              <value>
                <![CDATA[komatineni@gamil]]>
              </value>
            </param>
            <param index="2">
              <value>
                <![CDATA[9618484594]]>
              </value>
            </param>
            <param index="3">
              <value>
                <![CDATA[hellooo]]>
              </value>
            </param>
          </params>
          <reporter-output>
          </reporter-output>
        </test-method> <!-- login -->
        <test-method signature="login(java.lang.String,java.lang.String,java.lang.String,java.lang.String)[pri:0, instance:page.Contact@5acf93bb]" started-at="2022-09-19T16:40:25 IST" name="login" data-provider="details" finished-at="2022-09-19T16:40:30 IST" duration-ms="5108" status="PASS">
          <params>
            <param index="0">
              <value>
                <![CDATA[lakshmi]]>
              </value>
            </param>
            <param index="1">
              <value>
                <![CDATA[komatineni@mnk]]>
              </value>
            </param>
            <param index="2">
              <value>
                <![CDATA[9618484594]]>
              </value>
            </param>
            <param index="3">
              <value>
                <![CDATA[helooo]]>
              </value>
            </param>
          </params>
          <reporter-output>
          </reporter-output>
        </test-method> <!-- login -->
        <test-method signature="login(java.lang.String,java.lang.String,java.lang.String,java.lang.String)[pri:0, instance:page.Contact@5acf93bb]" started-at="2022-09-19T16:40:30 IST" name="login" data-provider="details" finished-at="2022-09-19T16:40:35 IST" duration-ms="5471" status="PASS">
          <params>
            <param index="0">
              <value>
                <![CDATA[lakshmi]]>
              </value>
            </param>
            <param index="1">
              <value>
                <![CDATA[               ]]>
              </value>
            </param>
            <param index="2">
              <value>
                <![CDATA[9618484594]]>
              </value>
            </param>
            <param index="3">
              <value>
                <![CDATA[helooo]]>
              </value>
            </param>
          </params>
          <reporter-output>
          </reporter-output>
        </test-method> <!-- login -->
        <test-method signature="login(java.lang.String,java.lang.String,java.lang.String,java.lang.String)[pri:0, instance:page.Contact@5acf93bb]" started-at="2022-09-19T16:40:35 IST" name="login" data-provider="details" finished-at="2022-09-19T16:40:40 IST" duration-ms="4836" status="PASS">
          <params>
            <param index="0">
              <value>
                <![CDATA[lakshmi ]]>
              </value>
            </param>
            <param index="1">
              <value>
                <![CDATA[komatineni@gmail.com]]>
              </value>
            </param>
            <param index="2">
              <value>
                <![CDATA[961848459994]]>
              </value>
            </param>
            <param index="3">
              <value>
                <![CDATA[helooo]]>
              </value>
            </param>
          </params>
          <reporter-output>
          </reporter-output>
        </test-method> <!-- login -->
        <test-method signature="login(java.lang.String,java.lang.String,java.lang.String,java.lang.String)[pri:0, instance:page.Contact@5acf93bb]" started-at="2022-09-19T16:40:40 IST" name="login" data-provider="details" finished-at="2022-09-19T16:40:45 IST" duration-ms="5031" status="PASS">
          <params>
            <param index="0">
              <value>
                <![CDATA[lakshmi]]>
              </value>
            </param>
            <param index="1">
              <value>
                <![CDATA[komatineni@gamil]]>
              </value>
            </param>
            <param index="2">
              <value>
                <![CDATA[961848459]]>
              </value>
            </param>
            <param index="3">
              <value>
                <![CDATA[hellooo]]>
              </value>
            </param>
          </params>
          <reporter-output>
          </reporter-output>
        </test-method> <!-- login -->
        <test-method signature="login(java.lang.String,java.lang.String,java.lang.String,java.lang.String)[pri:0, instance:page.Contact@5acf93bb]" started-at="2022-09-19T16:40:45 IST" name="login" data-provider="details" finished-at="2022-09-19T16:40:50 IST" duration-ms="4905" status="PASS">
          <params>
            <param index="0">
              <value>
                <![CDATA[lakshmi]]>
              </value>
            </param>
            <param index="1">
              <value>
                <![CDATA[komatineni@gamil]]>
              </value>
            </param>
            <param index="2">
              <value>
                <![CDATA[        ]]>
              </value>
            </param>
            <param index="3">
              <value>
                <![CDATA[hellooo]]>
              </value>
            </param>
          </params>
          <reporter-output>
          </reporter-output>
        </test-method> <!-- login -->
        <test-method signature="login(java.lang.String,java.lang.String,java.lang.String,java.lang.String)[pri:0, instance:page.Contact@5acf93bb]" started-at="2022-09-19T16:40:50 IST" name="login" data-provider="details" finished-at="2022-09-19T16:40:54 IST" duration-ms="4257" status="PASS">
          <params>
            <param index="0">
              <value>
                <![CDATA[lakshmi]]>
              </value>
            </param>
            <param index="1">
              <value>
                <![CDATA[komatineni@gamil]]>
              </value>
            </param>
            <param index="2">
              <value>
                <![CDATA[961848459]]>
              </value>
            </param>
            <param index="3">
              <value>
                <![CDATA[         ]]>
              </value>
            </param>
          </params>
          <reporter-output>
          </reporter-output>
        </test-method> <!-- login -->
      </class> <!-- page.Contact -->
      <class name="page.Contact1">
        <test-method signature="login(java.lang.String,java.lang.String,java.lang.String,java.lang.String)[pri:0, instance:page.Contact1@614ca7df]" started-at="2022-09-19T16:44:08 IST" name="login" data-provider="details" finished-at="2022-09-19T16:44:16 IST" duration-ms="7958" status="PASS">
          <params>
            <param index="0">
              <value>
                <![CDATA[lakshmi]]>
              </value>
            </param>
            <param index="1">
              <value>
                <![CDATA[komatineni@gmail.com]]>
              </value>
            </param>
            <param index="2">
              <value>
                <![CDATA[9618484594]]>
              </value>
            </param>
            <param index="3">
              <value>
                <![CDATA[hello]]>
              </value>
            </param>
          </params>
          <reporter-output>
          </reporter-output>
        </test-method> <!-- login -->
        <test-method signature="login(java.lang.String,java.lang.String,java.lang.String,java.lang.String)[pri:0, instance:page.Contact1@614ca7df]" started-at="2022-09-19T16:44:16 IST" name="login" data-provider="details" finished-at="2022-09-19T16:44:26 IST" duration-ms="10054" status="PASS">
          <params>
            <param index="0">
              <value>
                <![CDATA[la]]>
              </value>
            </param>
            <param index="1">
              <value>
                <![CDATA[komatineni@gmail.com]]>
              </value>
            </param>
            <param index="2">
              <value>
                <![CDATA[9618484594]]>
              </value>
            </param>
            <param index="3">
              <value>
                <![CDATA[hill]]>
              </value>
            </param>
          </params>
          <reporter-output>
          </reporter-output>
        </test-method> <!-- login -->
        <test-method signature="login(java.lang.String,java.lang.String,java.lang.String,java.lang.String)[pri:0, instance:page.Contact1@614ca7df]" started-at="2022-09-19T16:44:26 IST" name="login" data-provider="details" finished-at="2022-09-19T16:44:37 IST" duration-ms="10528" status="PASS">
          <params>
            <param index="0">
              <value>
                <![CDATA[LLLLLLLLLLLLLLLLLLLLL]]>
              </value>
            </param>
            <param index="1">
              <value>
                <![CDATA[komatineni@gmail.com]]>
              </value>
            </param>
            <param index="2">
              <value>
                <![CDATA[9618484594]]>
              </value>
            </param>
            <param index="3">
              <value>
                <![CDATA[hill]]>
              </value>
            </param>
          </params>
          <reporter-output>
          </reporter-output>
        </test-method> <!-- login -->
        <test-method signature="login(java.lang.String,java.lang.String,java.lang.String,java.lang.String)[pri:0, instance:page.Contact1@614ca7df]" started-at="2022-09-19T16:44:37 IST" name="login" data-provider="details" finished-at="2022-09-19T16:44:50 IST" duration-ms="12976" status="PASS">
          <params>
            <param index="0">
              <value>
                <![CDATA[@@@@@@@@@@@@@]]>
              </value>
            </param>
            <param index="1">
              <value>
                <![CDATA[komatineni@gmail.com]]>
              </value>
            </param>
            <param index="2">
              <value>
                <![CDATA[9618484594]]>
              </value>
            </param>
            <param index="3">
              <value>
                <![CDATA[helooo]]>
              </value>
            </param>
          </params>
          <reporter-output>
          </reporter-output>
        </test-method> <!-- login -->
        <test-method signature="login(java.lang.String,java.lang.String,java.lang.String,java.lang.String)[pri:0, instance:page.Contact1@614ca7df]" started-at="2022-09-19T16:44:50 IST" name="login" data-provider="details" finished-at="2022-09-19T16:45:00 IST" duration-ms="10838" status="PASS">
          <params>
            <param index="0">
              <value>
                <![CDATA[11111111111111111]]>
              </value>
            </param>
            <param index="1">
              <value>
                <![CDATA[komatineni@gmail.com]]>
              </value>
            </param>
            <param index="2">
              <value>
                <![CDATA[9618484594]]>
              </value>
            </param>
            <param index="3">
              <value>
                <![CDATA[helooo]]>
              </value>
            </param>
          </params>
          <reporter-output>
          </reporter-output>
        </test-method> <!-- login -->
        <test-method signature="login(java.lang.String,java.lang.String,java.lang.String,java.lang.String)[pri:0, instance:page.Contact1@614ca7df]" started-at="2022-09-19T16:45:00 IST" name="login" data-provider="details" finished-at="2022-09-19T16:45:11 IST" duration-ms="10036" status="PASS">
          <params>
            <param index="0">
              <value>
                <![CDATA[       ]]>
              </value>
            </param>
            <param index="1">
              <value>
                <![CDATA[komatineni@gmail.com]]>
              </value>
            </param>
            <param index="2">
              <value>
                <![CDATA[9618484594]]>
              </value>
            </param>
            <param index="3">
              <value>
                <![CDATA[helooo]]>
              </value>
            </param>
          </params>
          <reporter-output>
          </reporter-output>
        </test-method> <!-- login -->
        <test-method signature="login(java.lang.String,java.lang.String,java.lang.String,java.lang.String)[pri:0, instance:page.Contact1@614ca7df]" started-at="2022-09-19T16:45:11 IST" name="login" data-provider="details" finished-at="2022-09-19T16:45:23 IST" duration-ms="12180" status="PASS">
          <params>
            <param index="0">
              <value>
                <![CDATA[lakshmi]]>
              </value>
            </param>
            <param index="1">
              <value>
                <![CDATA[komatineni@gamil]]>
              </value>
            </param>
            <param index="2">
              <value>
                <![CDATA[9618484594]]>
              </value>
            </param>
            <param index="3">
              <value>
                <![CDATA[hellooo]]>
              </value>
            </param>
          </params>
          <reporter-output>
          </reporter-output>
        </test-method> <!-- login -->
        <test-method signature="login(java.lang.String,java.lang.String,java.lang.String,java.lang.String)[pri:0, instance:page.Contact1@614ca7df]" started-at="2022-09-19T16:45:23 IST" name="login" data-provider="details" finished-at="2022-09-19T16:45:35 IST" duration-ms="12069" status="PASS">
          <params>
            <param index="0">
              <value>
                <![CDATA[lakshmi]]>
              </value>
            </param>
            <param index="1">
              <value>
                <![CDATA[komatineni@mnk]]>
              </value>
            </param>
            <param index="2">
              <value>
                <![CDATA[9618484594]]>
              </value>
            </param>
            <param index="3">
              <value>
                <![CDATA[helooo]]>
              </value>
            </param>
          </params>
          <reporter-output>
          </reporter-output>
        </test-method> <!-- login -->
        <test-method signature="login(java.lang.String,java.lang.String,java.lang.String,java.lang.String)[pri:0, instance:page.Contact1@614ca7df]" started-at="2022-09-19T16:45:35 IST" name="login" data-provider="details" finished-at="2022-09-19T16:45:47 IST" duration-ms="12492" status="PASS">
          <params>
            <param index="0">
              <value>
                <![CDATA[lakshmi]]>
              </value>
            </param>
            <param index="1">
              <value>
                <![CDATA[               ]]>
              </value>
            </param>
            <param index="2">
              <value>
                <![CDATA[9618484594]]>
              </value>
            </param>
            <param index="3">
              <value>
                <![CDATA[helooo]]>
              </value>
            </param>
          </params>
          <reporter-output>
          </reporter-output>
        </test-method> <!-- login -->
        <test-method signature="login(java.lang.String,java.lang.String,java.lang.String,java.lang.String)[pri:0, instance:page.Contact1@614ca7df]" started-at="2022-09-19T16:45:47 IST" name="login" data-provider="details" finished-at="2022-09-19T16:46:00 IST" duration-ms="12610" status="PASS">
          <params>
            <param index="0">
              <value>
                <![CDATA[lakshmi ]]>
              </value>
            </param>
            <param index="1">
              <value>
                <![CDATA[komatineni@gmail.com]]>
              </value>
            </param>
            <param index="2">
              <value>
                <![CDATA[961848459994]]>
              </value>
            </param>
            <param index="3">
              <value>
                <![CDATA[helooo]]>
              </value>
            </param>
          </params>
          <reporter-output>
          </reporter-output>
        </test-method> <!-- login -->
        <test-method signature="login(java.lang.String,java.lang.String,java.lang.String,java.lang.String)[pri:0, instance:page.Contact1@614ca7df]" started-at="2022-09-19T16:46:00 IST" name="login" data-provider="details" finished-at="2022-09-19T16:46:06 IST" duration-ms="6337" status="FAIL">
          <params>
            <param index="0">
              <value>
                <![CDATA[lakshmi]]>
              </value>
            </param>
            <param index="1">
              <value>
                <![CDATA[komatineni@gamil]]>
              </value>
            </param>
            <param index="2">
              <value>
                <![CDATA[961848459]]>
              </value>
            </param>
            <param index="3">
              <value>
                <![CDATA[hellooo]]>
              </value>
            </param>
          </params>
          <exception class="org.openqa.selenium.WebDriverException">
            <message>
              <![CDATA[unknown error: cannot determine loading status
from disconnected: Unable to receive message from renderer
  (Session info: chrome=105.0.5195.127)
Build info: version: '4.4.0', revision: 'e5c75ed026a'
System info: host: 'QT-INBG-LT0414', ip: '10.20.15.63', os.name: 'Windows 10', os.arch: 'amd64', os.version: '10.0', java.version: '17.0.4'
Driver info: org.openqa.selenium.chrome.ChromeDriver
Command: [1a54456f48d6bb5a139ff2d25427d61c, get {url=https://mobileworld.banyanpro.com/}]
Capabilities {acceptInsecureCerts: false, browserName: chrome, browserVersion: 105.0.5195.127, chrome: {chromedriverVersion: 105.0.5195.52 (412c95e51883..., userDataDir: C:\Users\KOMATI~1.LAK\AppDa...}, goog:chromeOptions: {debuggerAddress: localhost:57300}, networkConnectionEnabled: false, pageLoadStrategy: normal, platformName: WINDOWS, proxy: Proxy(), se:cdp: ws://localhost:57300/devtoo..., se:cdpVersion: 105.0.5195.127, setWindowRect: true, strictFileInteractability: false, timeouts: {implicit: 0, pageLoad: 300000, script: 30000}, unhandledPromptBehavior: dismiss and notify, webauthn:extension:credBlob: true, webauthn:extension:largeBlob: true, webauthn:virtualAuthenticators: true}
Session ID: 1a54456f48d6bb5a139ff2d25427d61c]]>
            </message>
            <full-stacktrace>
              <![CDATA[org.openqa.selenium.WebDriverException: unknown error: cannot determine loading status
from disconnected: Unable to receive message from renderer
  (Session info: chrome=105.0.5195.127)
Build info: version: '4.4.0', revision: 'e5c75ed026a'
System info: host: 'QT-INBG-LT0414', ip: '10.20.15.63', os.name: 'Windows 10', os.arch: 'amd64', os.version: '10.0', java.version: '17.0.4'
Driver info: org.openqa.selenium.chrome.ChromeDriver
Command: [1a54456f48d6bb5a139ff2d25427d61c, get {url=https://mobileworld.banyanpro.com/}]
Capabilities {acceptInsecureCerts: false, browserName: chrome, browserVersion: 105.0.5195.127, chrome: {chromedriverVersion: 105.0.5195.52 (412c95e51883..., userDataDir: C:\Users\KOMATI~1.LAK\AppDa...}, goog:chromeOptions: {debuggerAddress: localhost:57300}, networkConnectionEnabled: false, pageLoadStrategy: normal, platformName: WINDOWS, proxy: Proxy(), se:cdp: ws://localhost:57300/devtoo..., se:cdpVersion: 105.0.5195.127, setWindowRect: true, strictFileInteractability: false, timeouts: {implicit: 0, pageLoad: 300000, script: 30000}, unhandledPromptBehavior: dismiss and notify, webauthn:extension:credBlob: true, webauthn:extension:largeBlob: true, webauthn:virtualAuthenticators: true}
Session ID: 1a54456f48d6bb5a139ff2d25427d61c
at java.base/jdk.internal.reflect.NativeConstructorAccessorImpl.newInstance0(Native Method)
at java.base/jdk.internal.reflect.NativeConstructorAccessorImpl.newInstance(NativeConstructorAccessorImpl.java:77)
at java.base/jdk.internal.reflect.DelegatingConstructorAccessorImpl.newInstance(DelegatingConstructorAccessorImpl.java:45)
at java.base/java.lang.reflect.Constructor.newInstanceWithCaller(Constructor.java:499)
at java.base/java.lang.reflect.Constructor.newInstance(Constructor.java:480)
at org.openqa.selenium.remote.codec.w3c.W3CHttpResponseCodec.createException(W3CHttpResponseCodec.java:200)
at org.openqa.selenium.remote.codec.w3c.W3CHttpResponseCodec.decode(W3CHttpResponseCodec.java:133)
at org.openqa.selenium.remote.codec.w3c.W3CHttpResponseCodec.decode(W3CHttpResponseCodec.java:53)
at org.openqa.selenium.remote.HttpCommandExecutor.execute(HttpCommandExecutor.java:184)
at org.openqa.selenium.remote.service.DriverCommandExecutor.invokeExecute(DriverCommandExecutor.java:167)
at org.openqa.selenium.remote.service.DriverCommandExecutor.execute(DriverCommandExecutor.java:142)
at org.openqa.selenium.remote.RemoteWebDriver.execute(RemoteWebDriver.java:547)
at org.openqa.selenium.remote.RemoteWebDriver.get(RemoteWebDriver.java:310)
at page.Contact3.move(Contact3.java:66)
at page.Contact1.login(Contact1.java:16)
at java.base/jdk.internal.reflect.NativeMethodAccessorImpl.invoke0(Native Method)
at java.base/jdk.internal.reflect.NativeMethodAccessorImpl.invoke(NativeMethodAccessorImpl.java:77)
at java.base/jdk.internal.reflect.DelegatingMethodAccessorImpl.invoke(DelegatingMethodAccessorImpl.java:43)
at java.base/java.lang.reflect.Method.invoke(Method.java:568)
at org.testng.internal.MethodInvocationHelper.invokeMethod(MethodInvocationHelper.java:133)
at org.testng.internal.TestInvoker.invokeMethod(TestInvoker.java:598)
at org.testng.internal.TestInvoker.invokeTestMethod(TestInvoker.java:173)
at org.testng.internal.MethodRunner.runInSequence(MethodRunner.java:46)
at org.testng.internal.TestInvoker$MethodInvocationAgent.invoke(TestInvoker.java:824)
at org.testng.internal.TestInvoker.invokeTestMethods(TestInvoker.java:146)
at org.testng.internal.TestMethodWorker.invokeTestMethods(TestMethodWorker.java:146)
at org.testng.internal.TestMethodWorker.run(TestMethodWorker.java:128)
at java.base/java.util.ArrayList.forEach(ArrayList.java:1511)
at org.testng.TestRunner.privateRun(TestRunner.java:794)
at org.testng.TestRunner.run(TestRunner.java:596)
at org.testng.SuiteRunner.runTest(SuiteRunner.java:377)
at org.testng.SuiteRunner.runSequentially(SuiteRunner.java:371)
at org.testng.SuiteRunner.privateRun(SuiteRunner.java:332)
at org.testng.SuiteRunner.run(SuiteRunner.java:276)
at org.testng.SuiteRunnerWorker.runSuite(SuiteRunnerWorker.java:53)
at org.testng.SuiteRunnerWorker.run(SuiteRunnerWorker.java:96)
at org.testng.TestNG.runSuitesSequentially(TestNG.java:1212)
at org.testng.TestNG.runSuitesLocally(TestNG.java:1134)
at org.testng.TestNG.runSuites(TestNG.java:1063)
at org.testng.TestNG.run(TestNG.java:1031)
at org.testng.remote.AbstractRemoteTestNG.run(AbstractRemoteTestNG.java:115)
at org.testng.remote.RemoteTestNG.initAndRun(RemoteTestNG.java:251)
at org.testng.remote.RemoteTestNG.main(RemoteTestNG.java:77)
]]>
            </full-stacktrace>
          </exception> <!-- org.openqa.selenium.WebDriverException -->
          <reporter-output>
          </reporter-output>
        </test-method> <!-- login -->
        <test-method signature="login(java.lang.String,java.lang.String,java.lang.String,java.lang.String)[pri:0, instance:page.Contact1@614ca7df]" started-at="2022-09-19T16:46:06 IST" name="login" data-provider="details" finished-at="2022-09-19T16:46:23 IST" duration-ms="16992" status="PASS">
          <params>
            <param index="0">
              <value>
                <![CDATA[lakshmi]]>
              </value>
            </param>
            <param index="1">
              <value>
                <![CDATA[komatineni@gamil]]>
              </value>
            </param>
            <param index="2">
              <value>
                <![CDATA[        ]]>
              </value>
            </param>
            <param index="3">
              <value>
                <![CDATA[hellooo]]>
              </value>
            </param>
          </params>
          <reporter-output>
          </reporter-output>
        </test-method> <!-- login -->
        <test-method signature="login(java.lang.String,java.lang.String,java.lang.String,java.lang.String)[pri:0, instance:page.Contact1@614ca7df]" started-at="2022-09-19T16:46:23 IST" name="login" data-provider="details" finished-at="2022-09-19T16:46:35 IST" duration-ms="11255" status="PASS">
          <params>
            <param index="0">
              <value>
                <![CDATA[lakshmi]]>
              </value>
            </param>
            <param index="1">
              <value>
                <![CDATA[komatineni@gamil]]>
              </value>
            </param>
            <param index="2">
              <value>
                <![CDATA[961848459]]>
              </value>
            </param>
            <param index="3">
              <value>
                <![CDATA[         ]]>
              </value>
            </param>
          </params>
          <reporter-output>
          </reporter-output>
        </test-method> <!-- login -->
      </class> <!-- page.Contact1 -->
      <class name="page.Sign_upp">
        <test-method signature="register(java.lang.String,java.lang.String,java.lang.String,java.lang.String,java.lang.String,java.lang.String,java.lang.String)[pri:0, instance:page.Sign_upp@7e7be63f]" started-at="2022-09-19T16:40:54 IST" name="register" data-provider="details" finished-at="2022-09-19T16:40:59 IST" duration-ms="4353" status="PASS">
          <params>
            <param index="0">
              <value>
                <![CDATA[komatineni]]>
              </value>
            </param>
            <param index="1">
              <value>
                <![CDATA[lakshmi]]>
              </value>
            </param>
            <param index="2">
              <value>
                <![CDATA[lucky@gmail.com]]>
              </value>
            </param>
            <param index="3">
              <value>
                <![CDATA[lakhm123i]]>
              </value>
            </param>
            <param index="4">
              <value>
                <![CDATA[11/11/1999]]>
              </value>
            </param>
            <param index="5">
              <value>
                <![CDATA[9618484594]]>
              </value>
            </param>
            <param index="6">
              <value>
                <![CDATA[luncky hello]]>
              </value>
            </param>
          </params>
          <reporter-output>
          </reporter-output>
        </test-method> <!-- register -->
        <test-method signature="register(java.lang.String,java.lang.String,java.lang.String,java.lang.String,java.lang.String,java.lang.String,java.lang.String)[pri:0, instance:page.Sign_upp@7e7be63f]" started-at="2022-09-19T16:40:59 IST" name="register" data-provider="details" finished-at="2022-09-19T16:41:03 IST" duration-ms="4395" status="PASS">
          <params>
            <param index="0">
              <value>
                <![CDATA[ko]]>
              </value>
            </param>
            <param index="1">
              <value>
                <![CDATA[lakshmi]]>
              </value>
            </param>
            <param index="2">
              <value>
                <![CDATA[lucky@gmail.com]]>
              </value>
            </param>
            <param index="3">
              <value>
                <![CDATA[lakhm123i]]>
              </value>
            </param>
            <param index="4">
              <value>
                <![CDATA[11/11/1999]]>
              </value>
            </param>
            <param index="5">
              <value>
                <![CDATA[9618484594]]>
              </value>
            </param>
            <param index="6">
              <value>
                <![CDATA[luncky hello]]>
              </value>
            </param>
          </params>
          <reporter-output>
          </reporter-output>
        </test-method> <!-- register -->
        <test-method signature="register(java.lang.String,java.lang.String,java.lang.String,java.lang.String,java.lang.String,java.lang.String,java.lang.String)[pri:0, instance:page.Sign_upp@7e7be63f]" started-at="2022-09-19T16:41:03 IST" name="register" data-provider="details" finished-at="2022-09-19T16:41:08 IST" duration-ms="4649" status="PASS">
          <params>
            <param index="0">
              <value>
                <![CDATA[komatineniiiiiiiiiiiiiiiiii]]>
              </value>
            </param>
            <param index="1">
              <value>
                <![CDATA[lakshmi]]>
              </value>
            </param>
            <param index="2">
              <value>
                <![CDATA[lucky@gmail.com]]>
              </value>
            </param>
            <param index="3">
              <value>
                <![CDATA[lakhm123i]]>
              </value>
            </param>
            <param index="4">
              <value>
                <![CDATA[11/11/1999]]>
              </value>
            </param>
            <param index="5">
              <value>
                <![CDATA[9618484594]]>
              </value>
            </param>
            <param index="6">
              <value>
                <![CDATA[luncky hello]]>
              </value>
            </param>
          </params>
          <reporter-output>
          </reporter-output>
        </test-method> <!-- register -->
        <test-method signature="register(java.lang.String,java.lang.String,java.lang.String,java.lang.String,java.lang.String,java.lang.String,java.lang.String)[pri:0, instance:page.Sign_upp@7e7be63f]" started-at="2022-09-19T16:41:08 IST" name="register" data-provider="details" finished-at="2022-09-19T16:41:14 IST" duration-ms="6412" status="PASS">
          <params>
            <param index="0">
              <value>
                <![CDATA[@@@@@@@@@@@@@@@@@]]>
              </value>
            </param>
            <param index="1">
              <value>
                <![CDATA[lakshmi]]>
              </value>
            </param>
            <param index="2">
              <value>
                <![CDATA[lucky@gmail.com]]>
              </value>
            </param>
            <param index="3">
              <value>
                <![CDATA[lakhm123i]]>
              </value>
            </param>
            <param index="4">
              <value>
                <![CDATA[11/11/1999]]>
              </value>
            </param>
            <param index="5">
              <value>
                <![CDATA[9618484594]]>
              </value>
            </param>
            <param index="6">
              <value>
                <![CDATA[luncky hello]]>
              </value>
            </param>
          </params>
          <reporter-output>
          </reporter-output>
        </test-method> <!-- register -->
        <test-method signature="register(java.lang.String,java.lang.String,java.lang.String,java.lang.String,java.lang.String,java.lang.String,java.lang.String)[pri:0, instance:page.Sign_upp@7e7be63f]" started-at="2022-09-19T16:41:14 IST" name="register" data-provider="details" finished-at="2022-09-19T16:41:20 IST" duration-ms="5810" status="PASS">
          <params>
            <param index="0">
              <value>
                <![CDATA[111111111111111111]]>
              </value>
            </param>
            <param index="1">
              <value>
                <![CDATA[lakshmi]]>
              </value>
            </param>
            <param index="2">
              <value>
                <![CDATA[lucky@gmail.com]]>
              </value>
            </param>
            <param index="3">
              <value>
                <![CDATA[lakhm123i]]>
              </value>
            </param>
            <param index="4">
              <value>
                <![CDATA[11/11/1999]]>
              </value>
            </param>
            <param index="5">
              <value>
                <![CDATA[9618484594]]>
              </value>
            </param>
            <param index="6">
              <value>
                <![CDATA[luncky hello]]>
              </value>
            </param>
          </params>
          <reporter-output>
          </reporter-output>
        </test-method> <!-- register -->
        <test-method signature="register(java.lang.String,java.lang.String,java.lang.String,java.lang.String,java.lang.String,java.lang.String,java.lang.String)[pri:0, instance:page.Sign_upp@7e7be63f]" started-at="2022-09-19T16:41:20 IST" name="register" data-provider="details" finished-at="2022-09-19T16:41:26 IST" duration-ms="6120" status="PASS">
          <params>
            <param index="0">
              <value>
                <![CDATA[            ]]>
              </value>
            </param>
            <param index="1">
              <value>
                <![CDATA[lakshmi]]>
              </value>
            </param>
            <param index="2">
              <value>
                <![CDATA[lucky@gmail.com]]>
              </value>
            </param>
            <param index="3">
              <value>
                <![CDATA[lakhm123i]]>
              </value>
            </param>
            <param index="4">
              <value>
                <![CDATA[11/11/1999]]>
              </value>
            </param>
            <param index="5">
              <value>
                <![CDATA[9618484594]]>
              </value>
            </param>
            <param index="6">
              <value>
                <![CDATA[luncky hello]]>
              </value>
            </param>
          </params>
          <reporter-output>
          </reporter-output>
        </test-method> <!-- register -->
        <test-method signature="register(java.lang.String,java.lang.String,java.lang.String,java.lang.String,java.lang.String,java.lang.String,java.lang.String)[pri:0, instance:page.Sign_upp@7e7be63f]" started-at="2022-09-19T16:41:26 IST" name="register" data-provider="details" finished-at="2022-09-19T16:41:32 IST" duration-ms="5825" status="PASS">
          <params>
            <param index="0">
              <value>
                <![CDATA[komatineni]]>
              </value>
            </param>
            <param index="1">
              <value>
                <![CDATA[li]]>
              </value>
            </param>
            <param index="2">
              <value>
                <![CDATA[lucky@gmail.com]]>
              </value>
            </param>
            <param index="3">
              <value>
                <![CDATA[lakhm123i]]>
              </value>
            </param>
            <param index="4">
              <value>
                <![CDATA[11/11/1999]]>
              </value>
            </param>
            <param index="5">
              <value>
                <![CDATA[9618484594]]>
              </value>
            </param>
            <param index="6">
              <value>
                <![CDATA[luncky hello]]>
              </value>
            </param>
          </params>
          <reporter-output>
          </reporter-output>
        </test-method> <!-- register -->
        <test-method signature="register(java.lang.String,java.lang.String,java.lang.String,java.lang.String,java.lang.String,java.lang.String,java.lang.String)[pri:0, instance:page.Sign_upp@7e7be63f]" started-at="2022-09-19T16:41:32 IST" name="register" data-provider="details" finished-at="2022-09-19T16:41:38 IST" duration-ms="5744" status="PASS">
          <params>
            <param index="0">
              <value>
                <![CDATA[komatineni]]>
              </value>
            </param>
            <param index="1">
              <value>
                <![CDATA[lakshmiiiiiiiiiiiiiiiii]]>
              </value>
            </param>
            <param index="2">
              <value>
                <![CDATA[lucky@gmail.com]]>
              </value>
            </param>
            <param index="3">
              <value>
                <![CDATA[lakhm123i]]>
              </value>
            </param>
            <param index="4">
              <value>
                <![CDATA[11/11/1999]]>
              </value>
            </param>
            <param index="5">
              <value>
                <![CDATA[9618484594]]>
              </value>
            </param>
            <param index="6">
              <value>
                <![CDATA[luncky hello]]>
              </value>
            </param>
          </params>
          <reporter-output>
          </reporter-output>
        </test-method> <!-- register -->
        <test-method signature="register(java.lang.String,java.lang.String,java.lang.String,java.lang.String,java.lang.String,java.lang.String,java.lang.String)[pri:0, instance:page.Sign_upp@7e7be63f]" started-at="2022-09-19T16:41:38 IST" name="register" data-provider="details" finished-at="2022-09-19T16:41:43 IST" duration-ms="5579" status="PASS">
          <params>
            <param index="0">
              <value>
                <![CDATA[komatineni]]>
              </value>
            </param>
            <param index="1">
              <value>
                <![CDATA[@@@@@@@@@@@@@@@@@]]>
              </value>
            </param>
            <param index="2">
              <value>
                <![CDATA[lucky@gmail.com]]>
              </value>
            </param>
            <param index="3">
              <value>
                <![CDATA[lakhm123i]]>
              </value>
            </param>
            <param index="4">
              <value>
                <![CDATA[11/11/1999]]>
              </value>
            </param>
            <param index="5">
              <value>
                <![CDATA[9618484594]]>
              </value>
            </param>
            <param index="6">
              <value>
                <![CDATA[luncky hello]]>
              </value>
            </param>
          </params>
          <reporter-output>
          </reporter-output>
        </test-method> <!-- register -->
        <test-method signature="register(java.lang.String,java.lang.String,java.lang.String,java.lang.String,java.lang.String,java.lang.String,java.lang.String)[pri:0, instance:page.Sign_upp@7e7be63f]" started-at="2022-09-19T16:41:43 IST" name="register" data-provider="details" finished-at="2022-09-19T16:41:49 IST" duration-ms="5969" status="PASS">
          <params>
            <param index="0">
              <value>
                <![CDATA[komatineni]]>
              </value>
            </param>
            <param index="1">
              <value>
                <![CDATA[11111111111111111]]>
              </value>
            </param>
            <param index="2">
              <value>
                <![CDATA[lucky@gmail.com]]>
              </value>
            </param>
            <param index="3">
              <value>
                <![CDATA[lakhm123i]]>
              </value>
            </param>
            <param index="4">
              <value>
                <![CDATA[11/11/1999]]>
              </value>
            </param>
            <param index="5">
              <value>
                <![CDATA[9618484594]]>
              </value>
            </param>
            <param index="6">
              <value>
                <![CDATA[luncky hello]]>
              </value>
            </param>
          </params>
          <reporter-output>
          </reporter-output>
        </test-method> <!-- register -->
        <test-method signature="register(java.lang.String,java.lang.String,java.lang.String,java.lang.String,java.lang.String,java.lang.String,java.lang.String)[pri:0, instance:page.Sign_upp@7e7be63f]" started-at="2022-09-19T16:41:49 IST" name="register" data-provider="details" finished-at="2022-09-19T16:41:54 IST" duration-ms="4852" status="PASS">
          <params>
            <param index="0">
              <value>
                <![CDATA[komatineni]]>
              </value>
            </param>
            <param index="1">
              <value>
                <![CDATA[             ]]>
              </value>
            </param>
            <param index="2">
              <value>
                <![CDATA[lucky@gmail.com]]>
              </value>
            </param>
            <param index="3">
              <value>
                <![CDATA[lakhm123i]]>
              </value>
            </param>
            <param index="4">
              <value>
                <![CDATA[11/11/1999]]>
              </value>
            </param>
            <param index="5">
              <value>
                <![CDATA[9618484594]]>
              </value>
            </param>
            <param index="6">
              <value>
                <![CDATA[luncky hello]]>
              </value>
            </param>
          </params>
          <reporter-output>
          </reporter-output>
        </test-method> <!-- register -->
        <test-method signature="register(java.lang.String,java.lang.String,java.lang.String,java.lang.String,java.lang.String,java.lang.String,java.lang.String)[pri:0, instance:page.Sign_upp@7e7be63f]" started-at="2022-09-19T16:41:54 IST" name="register" data-provider="details" finished-at="2022-09-19T16:42:00 IST" duration-ms="5918" status="PASS">
          <params>
            <param index="0">
              <value>
                <![CDATA[komatineni]]>
              </value>
            </param>
            <param index="1">
              <value>
                <![CDATA[lakshmi]]>
              </value>
            </param>
            <param index="2">
              <value>
                <![CDATA[lucky@gmail]]>
              </value>
            </param>
            <param index="3">
              <value>
                <![CDATA[lakhm123i]]>
              </value>
            </param>
            <param index="4">
              <value>
                <![CDATA[11/11/1999]]>
              </value>
            </param>
            <param index="5">
              <value>
                <![CDATA[9618484594]]>
              </value>
            </param>
            <param index="6">
              <value>
                <![CDATA[luncky hello]]>
              </value>
            </param>
          </params>
          <reporter-output>
          </reporter-output>
        </test-method> <!-- register -->
        <test-method signature="register(java.lang.String,java.lang.String,java.lang.String,java.lang.String,java.lang.String,java.lang.String,java.lang.String)[pri:0, instance:page.Sign_upp@7e7be63f]" started-at="2022-09-19T16:42:00 IST" name="register" data-provider="details" finished-at="2022-09-19T16:42:07 IST" duration-ms="7043" status="PASS">
          <params>
            <param index="0">
              <value>
                <![CDATA[komatineni]]>
              </value>
            </param>
            <param index="1">
              <value>
                <![CDATA[lakshmi]]>
              </value>
            </param>
            <param index="2">
              <value>
                <![CDATA[lucky@mn]]>
              </value>
            </param>
            <param index="3">
              <value>
                <![CDATA[lakhm123i]]>
              </value>
            </param>
            <param index="4">
              <value>
                <![CDATA[11/11/1999]]>
              </value>
            </param>
            <param index="5">
              <value>
                <![CDATA[9618484594]]>
              </value>
            </param>
            <param index="6">
              <value>
                <![CDATA[luncky hello]]>
              </value>
            </param>
          </params>
          <reporter-output>
          </reporter-output>
        </test-method> <!-- register -->
        <test-method signature="register(java.lang.String,java.lang.String,java.lang.String,java.lang.String,java.lang.String,java.lang.String,java.lang.String)[pri:0, instance:page.Sign_upp@7e7be63f]" started-at="2022-09-19T16:42:07 IST" name="register" data-provider="details" finished-at="2022-09-19T16:42:16 IST" duration-ms="8569" status="PASS">
          <params>
            <param index="0">
              <value>
                <![CDATA[komatineni]]>
              </value>
            </param>
            <param index="1">
              <value>
                <![CDATA[lakshmi]]>
              </value>
            </param>
            <param index="2">
              <value>
                <![CDATA[           ]]>
              </value>
            </param>
            <param index="3">
              <value>
                <![CDATA[lakhm123i]]>
              </value>
            </param>
            <param index="4">
              <value>
                <![CDATA[11/11/1999]]>
              </value>
            </param>
            <param index="5">
              <value>
                <![CDATA[9618484594]]>
              </value>
            </param>
            <param index="6">
              <value>
                <![CDATA[luncky hello]]>
              </value>
            </param>
          </params>
          <reporter-output>
          </reporter-output>
        </test-method> <!-- register -->
        <test-method signature="register(java.lang.String,java.lang.String,java.lang.String,java.lang.String,java.lang.String,java.lang.String,java.lang.String)[pri:0, instance:page.Sign_upp@7e7be63f]" started-at="2022-09-19T16:42:16 IST" name="register" data-provider="details" finished-at="2022-09-19T16:42:24 IST" duration-ms="8810" status="PASS">
          <params>
            <param index="0">
              <value>
                <![CDATA[komatineni]]>
              </value>
            </param>
            <param index="1">
              <value>
                <![CDATA[lakshmi]]>
              </value>
            </param>
            <param index="2">
              <value>
                <![CDATA[lucky@gmail.com]]>
              </value>
            </param>
            <param index="3">
              <value>
                <![CDATA[lakhmmmmm]]>
              </value>
            </param>
            <param index="4">
              <value>
                <![CDATA[11/11/1999]]>
              </value>
            </param>
            <param index="5">
              <value>
                <![CDATA[9618484594]]>
              </value>
            </param>
            <param index="6">
              <value>
                <![CDATA[luncky hello]]>
              </value>
            </param>
          </params>
          <reporter-output>
          </reporter-output>
        </test-method> <!-- register -->
        <test-method signature="register(java.lang.String,java.lang.String,java.lang.String,java.lang.String,java.lang.String,java.lang.String,java.lang.String)[pri:0, instance:page.Sign_upp@7e7be63f]" started-at="2022-09-19T16:42:24 IST" name="register" data-provider="details" finished-at="2022-09-19T16:42:35 IST" duration-ms="10963" status="PASS">
          <params>
            <param index="0">
              <value>
                <![CDATA[komatineni]]>
              </value>
            </param>
            <param index="1">
              <value>
                <![CDATA[lakshmi]]>
              </value>
            </param>
            <param index="2">
              <value>
                <![CDATA[lucky@gmail.com]]>
              </value>
            </param>
            <param index="3">
              <value>
                <![CDATA[12345679]]>
              </value>
            </param>
            <param index="4">
              <value>
                <![CDATA[11/11/1999]]>
              </value>
            </param>
            <param index="5">
              <value>
                <![CDATA[9618484594]]>
              </value>
            </param>
            <param index="6">
              <value>
                <![CDATA[luncky hello]]>
              </value>
            </param>
          </params>
          <reporter-output>
          </reporter-output>
        </test-method> <!-- register -->
        <test-method signature="register(java.lang.String,java.lang.String,java.lang.String,java.lang.String,java.lang.String,java.lang.String,java.lang.String)[pri:0, instance:page.Sign_upp@7e7be63f]" started-at="2022-09-19T16:42:35 IST" name="register" data-provider="details" finished-at="2022-09-19T16:42:45 IST" duration-ms="9982" status="PASS">
          <params>
            <param index="0">
              <value>
                <![CDATA[komatineni]]>
              </value>
            </param>
            <param index="1">
              <value>
                <![CDATA[lakshmi]]>
              </value>
            </param>
            <param index="2">
              <value>
                <![CDATA[lucky@gmail.com]]>
              </value>
            </param>
            <param index="3">
              <value>
                <![CDATA[             ]]>
              </value>
            </param>
            <param index="4">
              <value>
                <![CDATA[11/11/1999]]>
              </value>
            </param>
            <param index="5">
              <value>
                <![CDATA[9618484594]]>
              </value>
            </param>
            <param index="6">
              <value>
                <![CDATA[luncky hello]]>
              </value>
            </param>
          </params>
          <reporter-output>
          </reporter-output>
        </test-method> <!-- register -->
        <test-method signature="register(java.lang.String,java.lang.String,java.lang.String,java.lang.String,java.lang.String,java.lang.String,java.lang.String)[pri:0, instance:page.Sign_upp@7e7be63f]" started-at="2022-09-19T16:42:45 IST" name="register" data-provider="details" finished-at="2022-09-19T16:42:52 IST" duration-ms="6777" status="FAIL">
          <params>
            <param index="0">
              <value>
                <![CDATA[komatineni]]>
              </value>
            </param>
            <param index="1">
              <value>
                <![CDATA[lakshmi]]>
              </value>
            </param>
            <param index="2">
              <value>
                <![CDATA[lucky@gmail.com]]>
              </value>
            </param>
            <param index="3">
              <value>
                <![CDATA[lakhm123i]]>
              </value>
            </param>
            <param index="4">
              <value>
                <![CDATA[        ]]>
              </value>
            </param>
            <param index="5">
              <value>
                <![CDATA[9618484594]]>
              </value>
            </param>
            <param index="6">
              <value>
                <![CDATA[luncky hello]]>
              </value>
            </param>
          </params>
          <exception class="org.openqa.selenium.NoSuchWindowException">
            <message>
              <![CDATA[no such window: target window already closed
from unknown error: web view not found
  (Session info: chrome=105.0.5195.127)
Build info: version: '4.4.0', revision: 'e5c75ed026a'
System info: host: 'QT-INBG-LT0414', ip: '10.20.15.63', os.name: 'Windows 10', os.arch: 'amd64', os.version: '10.0', java.version: '17.0.4'
Driver info: org.openqa.selenium.chrome.ChromeDriver
Command: [52cb1381b3686f748c9703e2c172085f, findElement {using=xpath, value=//*[text()='SIGN IN']}]
Capabilities {acceptInsecureCerts: false, browserName: chrome, browserVersion: 105.0.5195.127, chrome: {chromedriverVersion: 105.0.5195.52 (412c95e51883..., userDataDir: C:\Users\KOMATI~1.LAK\AppDa...}, goog:chromeOptions: {debuggerAddress: localhost:56343}, networkConnectionEnabled: false, pageLoadStrategy: normal, platformName: WINDOWS, proxy: Proxy(), se:cdp: ws://localhost:56343/devtoo..., se:cdpVersion: 105.0.5195.127, setWindowRect: true, strictFileInteractability: false, timeouts: {implicit: 0, pageLoad: 300000, script: 30000}, unhandledPromptBehavior: dismiss and notify, webauthn:extension:credBlob: true, webauthn:extension:largeBlob: true, webauthn:virtualAuthenticators: true}
Session ID: 52cb1381b3686f748c9703e2c172085f]]>
            </message>
            <full-stacktrace>
              <![CDATA[org.openqa.selenium.NoSuchWindowException: no such window: target window already closed
from unknown error: web view not found
  (Session info: chrome=105.0.5195.127)
Build info: version: '4.4.0', revision: 'e5c75ed026a'
System info: host: 'QT-INBG-LT0414', ip: '10.20.15.63', os.name: 'Windows 10', os.arch: 'amd64', os.version: '10.0', java.version: '17.0.4'
Driver info: org.openqa.selenium.chrome.ChromeDriver
Command: [52cb1381b3686f748c9703e2c172085f, findElement {using=xpath, value=//*[text()='SIGN IN']}]
Capabilities {acceptInsecureCerts: false, browserName: chrome, browserVersion: 105.0.5195.127, chrome: {chromedriverVersion: 105.0.5195.52 (412c95e51883..., userDataDir: C:\Users\KOMATI~1.LAK\AppDa...}, goog:chromeOptions: {debuggerAddress: localhost:56343}, networkConnectionEnabled: false, pageLoadStrategy: normal, platformName: WINDOWS, proxy: Proxy(), se:cdp: ws://localhost:56343/devtoo..., se:cdpVersion: 105.0.5195.127, setWindowRect: true, strictFileInteractability: false, timeouts: {implicit: 0, pageLoad: 300000, script: 30000}, unhandledPromptBehavior: dismiss and notify, webauthn:extension:credBlob: true, webauthn:extension:largeBlob: true, webauthn:virtualAuthenticators: true}
Session ID: 52cb1381b3686f748c9703e2c172085f
at java.base/jdk.internal.reflect.NativeConstructorAccessorImpl.newInstance0(Native Method)
at java.base/jdk.internal.reflect.NativeConstructorAccessorImpl.newInstance(NativeConstructorAccessorImpl.java:77)
at java.base/jdk.internal.reflect.DelegatingConstructorAccessorImpl.newInstance(DelegatingConstructorAccessorImpl.java:45)
at java.base/java.lang.reflect.Constructor.newInstanceWithCaller(Constructor.java:499)
at java.base/java.lang.reflect.Constructor.newInstance(Constructor.java:480)
at org.openqa.selenium.remote.codec.w3c.W3CHttpResponseCodec.createException(W3CHttpResponseCodec.java:200)
at org.openqa.selenium.remote.codec.w3c.W3CHttpResponseCodec.decode(W3CHttpResponseCodec.java:133)
at org.openqa.selenium.remote.codec.w3c.W3CHttpResponseCodec.decode(W3CHttpResponseCodec.java:53)
at org.openqa.selenium.remote.HttpCommandExecutor.execute(HttpCommandExecutor.java:184)
at org.openqa.selenium.remote.service.DriverCommandExecutor.invokeExecute(DriverCommandExecutor.java:167)
at org.openqa.selenium.remote.service.DriverCommandExecutor.execute(DriverCommandExecutor.java:142)
at org.openqa.selenium.remote.RemoteWebDriver.execute(RemoteWebDriver.java:547)
at org.openqa.selenium.remote.ElementLocation$ElementFinder$2.findElement(ElementLocation.java:162)
at org.openqa.selenium.remote.ElementLocation.findElement(ElementLocation.java:60)
at org.openqa.selenium.remote.RemoteWebDriver.findElement(RemoteWebDriver.java:365)
at org.openqa.selenium.remote.RemoteWebDriver.findElement(RemoteWebDriver.java:357)
at org.openqa.selenium.support.pagefactory.DefaultElementLocator.findElement(DefaultElementLocator.java:70)
at org.openqa.selenium.support.pagefactory.internal.LocatingElementHandler.invoke(LocatingElementHandler.java:39)
at jdk.proxy2/jdk.proxy2.$Proxy15.click(Unknown Source)
at page.Contact3.signin(Contact3.java:108)
at page.Sign_upp.register(Sign_upp.java:17)
at jdk.internal.reflect.GeneratedMethodAccessor4.invoke(Unknown Source)
at java.base/jdk.internal.reflect.DelegatingMethodAccessorImpl.invoke(DelegatingMethodAccessorImpl.java:43)
at java.base/java.lang.reflect.Method.invoke(Method.java:568)
at org.testng.internal.MethodInvocationHelper.invokeMethod(MethodInvocationHelper.java:133)
at org.testng.internal.TestInvoker.invokeMethod(TestInvoker.java:598)
at org.testng.internal.TestInvoker.invokeTestMethod(TestInvoker.java:173)
at org.testng.internal.MethodRunner.runInSequence(MethodRunner.java:46)
at org.testng.internal.TestInvoker$MethodInvocationAgent.invoke(TestInvoker.java:824)
at org.testng.internal.TestInvoker.invokeTestMethods(TestInvoker.java:146)
at org.testng.internal.TestMethodWorker.invokeTestMethods(TestMethodWorker.java:146)
at org.testng.internal.TestMethodWorker.run(TestMethodWorker.java:128)
at java.base/java.util.ArrayList.forEach(ArrayList.java:1511)
at org.testng.TestRunner.privateRun(TestRunner.java:794)
at org.testng.TestRunner.run(TestRunner.java:596)
at org.testng.SuiteRunner.runTest(SuiteRunner.java:377)
at org.testng.SuiteRunner.runSequentially(SuiteRunner.java:371)
at org.testng.SuiteRunner.privateRun(SuiteRunner.java:332)
at org.testng.SuiteRunner.run(SuiteRunner.java:276)
at org.testng.SuiteRunnerWorker.runSuite(SuiteRunnerWorker.java:53)
at org.testng.SuiteRunnerWorker.run(SuiteRunnerWorker.java:96)
at org.testng.TestNG.runSuitesSequentially(TestNG.java:1212)
at org.testng.TestNG.runSuitesLocally(TestNG.java:1134)
at org.testng.TestNG.runSuites(TestNG.java:1063)
at org.testng.TestNG.run(TestNG.java:1031)
at org.testng.remote.AbstractRemoteTestNG.run(AbstractRemoteTestNG.java:115)
at org.testng.remote.RemoteTestNG.initAndRun(RemoteTestNG.java:251)
at org.testng.remote.RemoteTestNG.main(RemoteTestNG.java:77)
]]>
            </full-stacktrace>
          </exception> <!-- org.openqa.selenium.NoSuchWindowException -->
          <reporter-output>
          </reporter-output>
        </test-method> <!-- register -->
        <test-method signature="register(java.lang.String,java.lang.String,java.lang.String,java.lang.String,java.lang.String,java.lang.String,java.lang.String)[pri:0, instance:page.Sign_upp@7e7be63f]" started-at="2022-09-19T16:42:52 IST" name="register" data-provider="details" finished-at="2022-09-19T16:42:58 IST" duration-ms="5846" status="FAIL">
          <params>
            <param index="0">
              <value>
                <![CDATA[komatineni]]>
              </value>
            </param>
            <param index="1">
              <value>
                <![CDATA[lakshmi]]>
              </value>
            </param>
            <param index="2">
              <value>
                <![CDATA[lucky@gmail.com]]>
              </value>
            </param>
            <param index="3">
              <value>
                <![CDATA[lakhm123i]]>
              </value>
            </param>
            <param index="4">
              <value>
                <![CDATA[11/11/1999]]>
              </value>
            </param>
            <param index="5">
              <value>
                <![CDATA[961848459]]>
              </value>
            </param>
            <param index="6">
              <value>
                <![CDATA[luncky hello]]>
              </value>
            </param>
          </params>
          <exception class="org.openqa.selenium.WebDriverException">
            <message>
              <![CDATA[unknown error: cannot determine loading status
from disconnected: received Inspector.detached event
  (Session info: chrome=105.0.5195.127)
Build info: version: '4.4.0', revision: 'e5c75ed026a'
System info: host: 'QT-INBG-LT0414', ip: '10.20.15.63', os.name: 'Windows 10', os.arch: 'amd64', os.version: '10.0', java.version: '17.0.4'
Driver info: org.openqa.selenium.chrome.ChromeDriver
Command: [279a984df9a0fedc277b9feadbf64624, get {url=https://mobileworld.banyanpro.com/}]
Capabilities {acceptInsecureCerts: false, browserName: chrome, browserVersion: 105.0.5195.127, chrome: {chromedriverVersion: 105.0.5195.52 (412c95e51883..., userDataDir: C:\Users\KOMATI~1.LAK\AppDa...}, goog:chromeOptions: {debuggerAddress: localhost:56381}, networkConnectionEnabled: false, pageLoadStrategy: normal, platformName: WINDOWS, proxy: Proxy(), se:cdp: ws://localhost:56381/devtoo..., se:cdpVersion: 105.0.5195.127, setWindowRect: true, strictFileInteractability: false, timeouts: {implicit: 0, pageLoad: 300000, script: 30000}, unhandledPromptBehavior: dismiss and notify, webauthn:extension:credBlob: true, webauthn:extension:largeBlob: true, webauthn:virtualAuthenticators: true}
Session ID: 279a984df9a0fedc277b9feadbf64624]]>
            </message>
            <full-stacktrace>
              <![CDATA[org.openqa.selenium.WebDriverException: unknown error: cannot determine loading status
from disconnected: received Inspector.detached event
  (Session info: chrome=105.0.5195.127)
Build info: version: '4.4.0', revision: 'e5c75ed026a'
System info: host: 'QT-INBG-LT0414', ip: '10.20.15.63', os.name: 'Windows 10', os.arch: 'amd64', os.version: '10.0', java.version: '17.0.4'
Driver info: org.openqa.selenium.chrome.ChromeDriver
Command: [279a984df9a0fedc277b9feadbf64624, get {url=https://mobileworld.banyanpro.com/}]
Capabilities {acceptInsecureCerts: false, browserName: chrome, browserVersion: 105.0.5195.127, chrome: {chromedriverVersion: 105.0.5195.52 (412c95e51883..., userDataDir: C:\Users\KOMATI~1.LAK\AppDa...}, goog:chromeOptions: {debuggerAddress: localhost:56381}, networkConnectionEnabled: false, pageLoadStrategy: normal, platformName: WINDOWS, proxy: Proxy(), se:cdp: ws://localhost:56381/devtoo..., se:cdpVersion: 105.0.5195.127, setWindowRect: true, strictFileInteractability: false, timeouts: {implicit: 0, pageLoad: 300000, script: 30000}, unhandledPromptBehavior: dismiss and notify, webauthn:extension:credBlob: true, webauthn:extension:largeBlob: true, webauthn:virtualAuthenticators: true}
Session ID: 279a984df9a0fedc277b9feadbf64624
at java.base/jdk.internal.reflect.NativeConstructorAccessorImpl.newInstance0(Native Method)
at java.base/jdk.internal.reflect.NativeConstructorAccessorImpl.newInstance(NativeConstructorAccessorImpl.java:77)
at java.base/jdk.internal.reflect.DelegatingConstructorAccessorImpl.newInstance(DelegatingConstructorAccessorImpl.java:45)
at java.base/java.lang.reflect.Constructor.newInstanceWithCaller(Constructor.java:499)
at java.base/java.lang.reflect.Constructor.newInstance(Constructor.java:480)
at org.openqa.selenium.remote.codec.w3c.W3CHttpResponseCodec.createException(W3CHttpResponseCodec.java:200)
at org.openqa.selenium.remote.codec.w3c.W3CHttpResponseCodec.decode(W3CHttpResponseCodec.java:133)
at org.openqa.selenium.remote.codec.w3c.W3CHttpResponseCodec.decode(W3CHttpResponseCodec.java:53)
at org.openqa.selenium.remote.HttpCommandExecutor.execute(HttpCommandExecutor.java:184)
at org.openqa.selenium.remote.service.DriverCommandExecutor.invokeExecute(DriverCommandExecutor.java:167)
at org.openqa.selenium.remote.service.DriverCommandExecutor.execute(DriverCommandExecutor.java:142)
at org.openqa.selenium.remote.RemoteWebDriver.execute(RemoteWebDriver.java:547)
at org.openqa.selenium.remote.RemoteWebDriver.get(RemoteWebDriver.java:310)
at page.Contact3.recv(Contact3.java:104)
at page.Sign_upp.register(Sign_upp.java:16)
at jdk.internal.reflect.GeneratedMethodAccessor4.invoke(Unknown Source)
at java.base/jdk.internal.reflect.DelegatingMethodAccessorImpl.invoke(DelegatingMethodAccessorImpl.java:43)
at java.base/java.lang.reflect.Method.invoke(Method.java:568)
at org.testng.internal.MethodInvocationHelper.invokeMethod(MethodInvocationHelper.java:133)
at org.testng.internal.TestInvoker.invokeMethod(TestInvoker.java:598)
at org.testng.internal.TestInvoker.invokeTestMethod(TestInvoker.java:173)
at org.testng.internal.MethodRunner.runInSequence(MethodRunner.java:46)
at org.testng.internal.TestInvoker$MethodInvocationAgent.invoke(TestInvoker.java:824)
at org.testng.internal.TestInvoker.invokeTestMethods(TestInvoker.java:146)
at org.testng.internal.TestMethodWorker.invokeTestMethods(TestMethodWorker.java:146)
at org.testng.internal.TestMethodWorker.run(TestMethodWorker.java:128)
at java.base/java.util.ArrayList.forEach(ArrayList.java:1511)
at org.testng.TestRunner.privateRun(TestRunner.java:794)
at org.testng.TestRunner.run(TestRunner.java:596)
at org.testng.SuiteRunner.runTest(SuiteRunner.java:377)
at org.testng.SuiteRunner.runSequentially(SuiteRunner.java:371)
at org.testng.SuiteRunner.privateRun(SuiteRunner.java:332)
at org.testng.SuiteRunner.run(SuiteRunner.java:276)
at org.testng.SuiteRunnerWorker.runSuite(SuiteRunnerWorker.java:53)
at org.testng.SuiteRunnerWorker.run(SuiteRunnerWorker.java:96)
at org.testng.TestNG.runSuitesSequentially(TestNG.java:1212)
at org.testng.TestNG.runSuitesLocally(TestNG.java:1134)
at org.testng.TestNG.runSuites(TestNG.java:1063)
at org.testng.TestNG.run(TestNG.java:1031)
at org.testng.remote.AbstractRemoteTestNG.run(AbstractRemoteTestNG.java:115)
at org.testng.remote.RemoteTestNG.initAndRun(RemoteTestNG.java:251)
at org.testng.remote.RemoteTestNG.main(RemoteTestNG.java:77)
]]>
            </full-stacktrace>
          </exception> <!-- org.openqa.selenium.WebDriverException -->
          <reporter-output>
          </reporter-output>
        </test-method> <!-- register -->
        <test-method signature="register(java.lang.String,java.lang.String,java.lang.String,java.lang.String,java.lang.String,java.lang.String,java.lang.String)[pri:0, instance:page.Sign_upp@7e7be63f]" started-at="2022-09-19T16:42:58 IST" name="register" data-provider="details" finished-at="2022-09-19T16:43:08 IST" duration-ms="10271" status="PASS">
          <params>
            <param index="0">
              <value>
                <![CDATA[komatineni]]>
              </value>
            </param>
            <param index="1">
              <value>
                <![CDATA[lakshmi]]>
              </value>
            </param>
            <param index="2">
              <value>
                <![CDATA[lucky@gmail.com]]>
              </value>
            </param>
            <param index="3">
              <value>
                <![CDATA[lakhm123i]]>
              </value>
            </param>
            <param index="4">
              <value>
                <![CDATA[11/11/1999]]>
              </value>
            </param>
            <param index="5">
              <value>
                <![CDATA[961848459444]]>
              </value>
            </param>
            <param index="6">
              <value>
                <![CDATA[luncky hello]]>
              </value>
            </param>
          </params>
          <reporter-output>
          </reporter-output>
        </test-method> <!-- register -->
        <test-method signature="register(java.lang.String,java.lang.String,java.lang.String,java.lang.String,java.lang.String,java.lang.String,java.lang.String)[pri:0, instance:page.Sign_upp@7e7be63f]" started-at="2022-09-19T16:43:08 IST" name="register" data-provider="details" finished-at="2022-09-19T16:43:16 IST" duration-ms="8159" status="FAIL">
          <params>
            <param index="0">
              <value>
                <![CDATA[komatineni]]>
              </value>
            </param>
            <param index="1">
              <value>
                <![CDATA[lakshmi]]>
              </value>
            </param>
            <param index="2">
              <value>
                <![CDATA[lucky@gmail.com]]>
              </value>
            </param>
            <param index="3">
              <value>
                <![CDATA[lakhm123i]]>
              </value>
            </param>
            <param index="4">
              <value>
                <![CDATA[11/11/1999]]>
              </value>
            </param>
            <param index="5">
              <value>
                <![CDATA[          ]]>
              </value>
            </param>
            <param index="6">
              <value>
                <![CDATA[luncky hello]]>
              </value>
            </param>
          </params>
          <exception class="org.openqa.selenium.SessionNotCreatedException">
            <message>
              <![CDATA[Could not start a new session. Response code 500. Message: unknown error: Chrome failed to start: exited normally.
  (chrome not reachable)
  (The process started from chrome location C:\Program Files\Google\Chrome\Application\chrome.exe is no longer running, so ChromeDriver is assuming that Chrome has crashed.)
Build info: version: '4.4.0', revision: 'e5c75ed026a'
System info: host: 'QT-INBG-LT0414', ip: '10.20.15.63', os.name: 'Windows 10', os.arch: 'amd64', os.version: '10.0', java.version: '17.0.4'
Driver info: org.openqa.selenium.chrome.ChromeDriver
Command: [null, newSession {capabilities=[Capabilities {browserName: chrome, goog:chromeOptions: {args: [], extensions: []}}], desiredCapabilities=Capabilities {browserName: chrome, goog:chromeOptions: {args: [], extensions: []}}}]]]>
            </message>
            <full-stacktrace>
              <![CDATA[org.openqa.selenium.SessionNotCreatedException: Could not start a new session. Response code 500. Message: unknown error: Chrome failed to start: exited normally.
  (chrome not reachable)
  (The process started from chrome location C:\Program Files\Google\Chrome\Application\chrome.exe is no longer running, so ChromeDriver is assuming that Chrome has crashed.)
Build info: version: '4.4.0', revision: 'e5c75ed026a'
System info: host: 'QT-INBG-LT0414', ip: '10.20.15.63', os.name: 'Windows 10', os.arch: 'amd64', os.version: '10.0', java.version: '17.0.4'
Driver info: org.openqa.selenium.chrome.ChromeDriver
Command: [null, newSession {capabilities=[Capabilities {browserName: chrome, goog:chromeOptions: {args: [], extensions: []}}], desiredCapabilities=Capabilities {browserName: chrome, goog:chromeOptions: {args: [], extensions: []}}}]
at org.openqa.selenium.remote.ProtocolHandshake.createSession(ProtocolHandshake.java:144)
at org.openqa.selenium.remote.ProtocolHandshake.createSession(ProtocolHandshake.java:102)
at org.openqa.selenium.remote.ProtocolHandshake.createSession(ProtocolHandshake.java:67)
at org.openqa.selenium.remote.HttpCommandExecutor.execute(HttpCommandExecutor.java:156)
at org.openqa.selenium.remote.service.DriverCommandExecutor.invokeExecute(DriverCommandExecutor.java:167)
at org.openqa.selenium.remote.service.DriverCommandExecutor.execute(DriverCommandExecutor.java:142)
at org.openqa.selenium.remote.RemoteWebDriver.execute(RemoteWebDriver.java:547)
at org.openqa.selenium.remote.RemoteWebDriver.startSession(RemoteWebDriver.java:242)
at org.openqa.selenium.remote.RemoteWebDriver.<init>(RemoteWebDriver.java:157)
at org.openqa.selenium.chromium.ChromiumDriver.<init>(ChromiumDriver.java:101)
at org.openqa.selenium.chrome.ChromeDriver.<init>(ChromeDriver.java:81)
at org.openqa.selenium.chrome.ChromeDriver.<init>(ChromeDriver.java:49)
at page.Sign_upp.register(Sign_upp.java:13)
at jdk.internal.reflect.GeneratedMethodAccessor4.invoke(Unknown Source)
at java.base/jdk.internal.reflect.DelegatingMethodAccessorImpl.invoke(DelegatingMethodAccessorImpl.java:43)
at java.base/java.lang.reflect.Method.invoke(Method.java:568)
at org.testng.internal.MethodInvocationHelper.invokeMethod(MethodInvocationHelper.java:133)
at org.testng.internal.TestInvoker.invokeMethod(TestInvoker.java:598)
at org.testng.internal.TestInvoker.invokeTestMethod(TestInvoker.java:173)
at org.testng.internal.MethodRunner.runInSequence(MethodRunner.java:46)
at org.testng.internal.TestInvoker$MethodInvocationAgent.invoke(TestInvoker.java:824)
at org.testng.internal.TestInvoker.invokeTestMethods(TestInvoker.java:146)
at org.testng.internal.TestMethodWorker.invokeTestMethods(TestMethodWorker.java:146)
at org.testng.internal.TestMethodWorker.run(TestMethodWorker.java:128)
at java.base/java.util.ArrayList.forEach(ArrayList.java:1511)
at org.testng.TestRunner.privateRun(TestRunner.java:794)
at org.testng.TestRunner.run(TestRunner.java:596)
at org.testng.SuiteRunner.runTest(SuiteRunner.java:377)
at org.testng.SuiteRunner.runSequentially(SuiteRunner.java:371)
at org.testng.SuiteRunner.privateRun(SuiteRunner.java:332)
at org.testng.SuiteRunner.run(SuiteRunner.java:276)
at org.testng.SuiteRunnerWorker.runSuite(SuiteRunnerWorker.java:53)
at org.testng.SuiteRunnerWorker.run(SuiteRunnerWorker.java:96)
at org.testng.TestNG.runSuitesSequentially(TestNG.java:1212)
at org.testng.TestNG.runSuitesLocally(TestNG.java:1134)
at org.testng.TestNG.runSuites(TestNG.java:1063)
at org.testng.TestNG.run(TestNG.java:1031)
at org.testng.remote.AbstractRemoteTestNG.run(AbstractRemoteTestNG.java:115)
at org.testng.remote.RemoteTestNG.initAndRun(RemoteTestNG.java:251)
at org.testng.remote.RemoteTestNG.main(RemoteTestNG.java:77)
]]>
            </full-stacktrace>
          </exception> <!-- org.openqa.selenium.SessionNotCreatedException -->
          <reporter-output>
          </reporter-output>
        </test-method> <!-- register -->
        <test-method signature="register(java.lang.String,java.lang.String,java.lang.String,java.lang.String,java.lang.String,java.lang.String,java.lang.String)[pri:0, instance:page.Sign_upp@7e7be63f]" started-at="2022-09-19T16:43:16 IST" name="register" data-provider="details" finished-at="2022-09-19T16:43:27 IST" duration-ms="11006" status="PASS">
          <params>
            <param index="0">
              <value>
                <![CDATA[komatineni]]>
              </value>
            </param>
            <param index="1">
              <value>
                <![CDATA[lakshmi]]>
              </value>
            </param>
            <param index="2">
[...]
Session ID: 90cb9fb9d67d49077afcaf4b459bf5f6]]>
            </message>
            <full-stacktrace>
              <![CDATA[org.openqa.selenium.NoAlertPresentException: no such alert
  (Session info: chrome=105.0.5195.127)
Build info: version: '4.4.0', revision: 'e5c75ed026a'
System info: host: 'QT-INBG-LT0414', ip: '10.20.15.63', os.name: 'Windows 10', os.arch: 'amd64', os.version: '10.0', java.version: '17.0.4'
Driver info: org.openqa.selenium.chrome.ChromeDriver
Command: [90cb9fb9d67d49077afcaf4b459bf5f6, getAlertText {}]
Capabilities {acceptInsecureCerts: false, browserName: chrome, browserVersion: 105.0.5195.127, chrome: {chromedriverVersion: 105.0.5195.52 (412c95e51883..., userDataDir: C:\Users\KOMATI~1.LAK\AppDa...}, goog:chromeOptions: {debuggerAddress: localhost:54680}, networkConnectionEnabled: false, pageLoadStrategy: normal, platformName: WINDOWS, proxy: Proxy(), se:cdp: ws://localhost:54680/devtoo..., se:cdpVersion: 105.0.5195.127, setWindowRect: true, strictFileInteractability: false, timeouts: {implicit: 0, pageLoad: 300000, script: 30000}, unhandledPromptBehavior: dismiss and notify, webauthn:extension:credBlob: true, webauthn:extension:largeBlob: true, webauthn:virtualAuthenticators: true}
Session ID: 90cb9fb9d67d49077afcaf4b459bf5f6
at java.base/jdk.internal.reflect.NativeConstructorAccessorImpl.newInstance0(Native Method)
at java.base/jdk.internal.reflect.NativeConstructorAccessorImpl.newInstance(NativeConstructorAccessorImpl.java:77)
at java.base/jdk.internal.reflect.DelegatingConstructorAccessorImpl.newInstance(DelegatingConstructorAccessorImpl.java:45)
at java.base/java.lang.reflect.Constructor.newInstanceWithCaller(Constructor.java:499)
at java.base/java.lang.reflect.Constructor.newInstance(Constructor.java:480)
at org.openqa.selenium.remote.codec.w3c.W3CHttpResponseCodec.createException(W3CHttpResponseCodec.java:200)
at org.openqa.selenium.remote.codec.w3c.W3CHttpResponseCodec.decode(W3CHttpResponseCodec.java:133)
at org.openqa.selenium.remote.codec.w3c.W3CHttpResponseCodec.decode(W3CHttpResponseCodec.java:53)
at org.openqa.selenium.remote.HttpCommandExecutor.execute(HttpCommandExecutor.java:184)
at org.openqa.selenium.remote.service.DriverCommandExecutor.invokeExecute(DriverCommandExecutor.java:167)
at org.openqa.selenium.remote.service.DriverCommandExecutor.execute(DriverCommandExecutor.java:142)
at org.openqa.selenium.remote.RemoteWebDriver.execute(RemoteWebDriver.java:547)
at org.openqa.selenium.remote.RemoteWebDriver.execute(RemoteWebDriver.java:602)
at org.openqa.selenium.remote.RemoteWebDriver.execute(RemoteWebDriver.java:606)
at org.openqa.selenium.remote.RemoteWebDriver$RemoteTargetLocator.alert(RemoteWebDriver.java:1128)
at page.Sign_Up.Com(Sign_Up.java:29)
at java.base/jdk.internal.reflect.NativeMethodAccessorImpl.invoke0(Native Method)
at java.base/jdk.internal.reflect.NativeMethodAccessorImpl.invoke(NativeMethodAccessorImpl.java:77)
at java.base/jdk.internal.reflect.DelegatingMethodAccessorImpl.invoke(DelegatingMethodAccessorImpl.java:43)
at java.base/java.lang.reflect.Method.invoke(Method.java:568)
at org.testng.internal.MethodInvocationHelper.invokeMethod(MethodInvocationHelper.java:133)
at org.testng.internal.TestInvoker.invokeMethod(TestInvoker.java:598)
at org.testng.internal.TestInvoker.invokeTestMethod(TestInvoker.java:173)
at org.testng.internal.MethodRunner.runInSequence(MethodRunner.java:46)
at org.testng.internal.TestInvoker$MethodInvocationAgent.invoke(TestInvoker.java:824)
at org.testng.internal.TestInvoker.invokeTestMethods(TestInvoker.java:146)
at org.testng.internal.TestMethodWorker.invokeTestMethods(TestMethodWorker.java:146)
at org.testng.internal.TestMethodWorker.run(TestMethodWorker.java:128)
at java.base/java.util.ArrayList.forEach(ArrayList.java:1511)
at org.testng.TestRunner.privateRun(TestRunner.java:794)
at org.testng.TestRunner.run(TestRunner.java:596)
at org.testng.SuiteRunner.runTest(SuiteRunner.java:377)
at org.testng.SuiteRunner.runSequentially(SuiteRunner.java:371)
at org.testng.SuiteRunner.privateRun(SuiteRunner.java:332)
at org.testng.SuiteRunner.run(SuiteRunner.java:276)
at org.testng.SuiteRunnerWorker.runSuite(SuiteRunnerWorker.java:53)
at org.testng.SuiteRunnerWorker.run(SuiteRunnerWorker.java:96)
at org.testng.TestNG.runSuitesSequentially(TestNG.java:1212)
at org.testng.TestNG.runSuitesLocally(TestNG.java:1134)
at org.testng.TestNG.runSuites(TestNG.java:1063)
at org.testng.TestNG.run(TestNG.java:1031)
at org.testng.remote.AbstractRemoteTestNG.run(AbstractRemoteTestNG.java:115)
at org.testng.remote.RemoteTestNG.initAndRun(RemoteTestNG.java:251)
at org.testng.remote.RemoteTestNG.main(RemoteTestNG.java:77)
]]>
            </full-stacktrace>
          </exception> <!-- org.openqa.selenium.NoAlertPresentException -->
          <reporter-output>
          </reporter-output>
        </test-method> <!-- Com -->
        <test-method signature="Com(java.lang.String,java.lang.String,java.lang.String,java.lang.String,java.lang.String,java.lang.String,java.lang.String)[pri:0, instance:page.Sign_Up@3bf9ce3e]" started-at="2022-09-19T16:38:05 IST" name="Com" data-provider="details" finished-at="2022-09-19T16:38:12 IST" duration-ms="7306" status="PASS">
          <params>
            <param index="0">
              <value>
                <![CDATA[komatinei]]>
              </value>
            </param>
            <param index="1">
              <value>
                <![CDATA[lakshmi]]>
              </value>
            </param>
            <param index="2">
              <value>
                <![CDATA[lucky@gmail.com]]>
              </value>
            </param>
            <param index="3">
              <value>
                <![CDATA[123456777]]>
              </value>
            </param>
            <param index="4">
              <value>
                <![CDATA[11/11/1999]]>
              </value>
            </param>
            <param index="5">
              <value>
                <![CDATA[9618484594]]>
              </value>
            </param>
            <param index="6">
              <value>
                <![CDATA[luncky hello]]>
              </value>
            </param>
          </params>
          <reporter-output>
          </reporter-output>
        </test-method> <!-- Com -->
        <test-method signature="Com(java.lang.String,java.lang.String,java.lang.String,java.lang.String,java.lang.String,java.lang.String,java.lang.String)[pri:0, instance:page.Sign_Up@3bf9ce3e]" started-at="2022-09-19T16:38:12 IST" name="Com" data-provider="details" finished-at="2022-09-19T16:38:20 IST" duration-ms="7690" status="PASS">
          <params>
            <param index="0">
              <value>
                <![CDATA[komatinei]]>
              </value>
            </param>
            <param index="1">
              <value>
                <![CDATA[lakshmi]]>
              </value>
            </param>
            <param index="2">
              <value>
                <![CDATA[lucky@gmail.com]]>
              </value>
            </param>
            <param index="3">
              <value>
                <![CDATA[lakhmiiiii]]>
              </value>
            </param>
            <param index="4">
              <value>
                <![CDATA[11/11/1999]]>
              </value>
            </param>
            <param index="5">
              <value>
                <![CDATA[9618484594]]>
              </value>
            </param>
            <param index="6">
              <value>
                <![CDATA[luncky hello]]>
              </value>
            </param>
          </params>
          <reporter-output>
          </reporter-output>
        </test-method> <!-- Com -->
        <test-method signature="Com(java.lang.String,java.lang.String,java.lang.String,java.lang.String,java.lang.String,java.lang.String,java.lang.String)[pri:0, instance:page.Sign_Up@3bf9ce3e]" started-at="2022-09-19T16:38:20 IST" name="Com" data-provider="details" finished-at="2022-09-19T16:38:27 IST" duration-ms="7725" status="PASS">
          <params>
            <param index="0">
              <value>
                <![CDATA[komatinei]]>
              </value>
            </param>
            <param index="1">
              <value>
                <![CDATA[laksmii]]>
              </value>
            </param>
            <param index="2">
              <value>
                <![CDATA[lucky@gmail.com]]>
              </value>
            </param>
            <param index="3">
              <value>
                <![CDATA[lakhmi123]]>
              </value>
            </param>
            <param index="4">
              <value>
                <![CDATA[          ]]>
              </value>
            </param>
            <param index="5">
              <value>
                <![CDATA[9618484594]]>
              </value>
            </param>
            <param index="6">
              <value>
                <![CDATA[luncky hello]]>
              </value>
            </param>
          </params>
          <reporter-output>
          </reporter-output>
        </test-method> <!-- Com -->
        <test-method signature="Com(java.lang.String,java.lang.String,java.lang.String,java.lang.String,java.lang.String,java.lang.String,java.lang.String)[pri:0, instance:page.Sign_Up@3bf9ce3e]" started-at="2022-09-19T16:38:27 IST" name="Com" data-provider="details" finished-at="2022-09-19T16:38:35 IST" duration-ms="7086" status="PASS">
          <params>
            <param index="0">
              <value>
                <![CDATA[komatinei]]>
              </value>
            </param>
            <param index="1">
              <value>
                <![CDATA[laksmii]]>
              </value>
            </param>
            <param index="2">
              <value>
                <![CDATA[lucky@gmail.com]]>
              </value>
            </param>
            <param index="3">
              <value>
                <![CDATA[lakhmi123]]>
              </value>
            </param>
            <param index="4">
              <value>
                <![CDATA[11/11/1999]]>
              </value>
            </param>
            <param index="5">
              <value>
                <![CDATA[961484594]]>
              </value>
            </param>
            <param index="6">
              <value>
                <![CDATA[luncky hello]]>
              </value>
            </param>
          </params>
          <reporter-output>
          </reporter-output>
        </test-method> <!-- Com -->
        <test-method signature="Com(java.lang.String,java.lang.String,java.lang.String,java.lang.String,java.lang.String,java.lang.String,java.lang.String)[pri:0, instance:page.Sign_Up@3bf9ce3e]" started-at="2022-09-19T16:38:35 IST" name="Com" data-provider="details" finished-at="2022-09-19T16:38:42 IST" duration-ms="7343" status="PASS">
          <params>
            <param index="0">
              <value>
                <![CDATA[komatinei]]>
              </value>
            </param>
            <param index="1">
              <value>
                <![CDATA[laksmii]]>
              </value>
            </param>
            <param index="2">
              <value>
                <![CDATA[lucky@gmail.com]]>
              </value>
            </param>
            <param index="3">
              <value>
                <![CDATA[lakhmi123]]>
              </value>
            </param>
            <param index="4">
              <value>
                <![CDATA[11/11/1999]]>
              </value>
            </param>
            <param index="5">
              <value>
                <![CDATA[96188484594]]>
              </value>
            </param>
            <param index="6">
              <value>
                <![CDATA[luncky hello]]>
              </value>
            </param>
          </params>
          <reporter-output>
          </reporter-output>
        </test-method> <!-- Com -->
        <test-method signature="Com(java.lang.String,java.lang.String,java.lang.String,java.lang.String,java.lang.String,java.lang.String,java.lang.String)[pri:0, instance:page.Sign_Up@3bf9ce3e]" started-at="2022-09-19T16:38:42 IST" name="Com" data-provider="details" finished-at="2022-09-19T16:38:49 IST" duration-ms="6970" status="PASS">
          <params>
            <param index="0">
              <value>
                <![CDATA[komatinei]]>
              </value>
            </param>
            <param index="1">
              <value>
                <![CDATA[laksmii]]>
              </value>
            </param>
            <param index="2">
              <value>
                <![CDATA[lucky@gmail.com]]>
              </value>
            </param>
            <param index="3">
              <value>
                <![CDATA[lakhmi123]]>
              </value>
            </param>
            <param index="4">
              <value>
                <![CDATA[11/11/1999]]>
              </value>
            </param>
            <param index="5">
              <value>
                <![CDATA[             ]]>
              </value>
            </param>
            <param index="6">
              <value>
                <![CDATA[luncky hello]]>
              </value>
            </param>
          </params>
          <reporter-output>
          </reporter-output>
        </test-method> <!-- Com -->
        <test-method signature="Com(java.lang.String,java.lang.String,java.lang.String,java.lang.String,java.lang.String,java.lang.String,java.lang.String)[pri:0, instance:page.Sign_Up@3bf9ce3e]" started-at="2022-09-19T16:38:49 IST" name="Com" data-provider="details" finished-at="2022-09-19T16:38:57 IST" duration-ms="8464" status="PASS">
          <params>
            <param index="0">
              <value>
                <![CDATA[komatinei]]>
              </value>
            </param>
            <param index="1">
              <value>
                <![CDATA[laksmii]]>
              </value>
            </param>
            <param index="2">
              <value>
                <![CDATA[lucky@gmail.com]]>
              </value>
            </param>
            <param index="3">
              <value>
                <![CDATA[lakhmi123]]>
              </value>
            </param>
            <param index="4">
              <value>
                <![CDATA[11/11/1999]]>
              </value>
            </param>
            <param index="5">
              <value>
                <![CDATA[9618484594]]>
              </value>
            </param>
            <param index="6">
              <value>
                <![CDATA[zxcvbnmlkjhgfdsaqwertyuiozxcvbnnnnmlkjhgfdsaqwertyuiozxcvbnmlkjhgfdsaqwertyuiozxcvbnmlkjhgfdsaqwertyuiozxcvbnmlkjhgfdsaqwertyuiozxcvbnmlkjhgfdsaqwertyuiozxcvbnmlkjhgfdaqwertyuiozxcvbnmlkjhgfdsaqwert zxcvbnmlkjhgfdsaqwertyuiozxcvbnmlkjhgfdsaqwertyuiozxcvbnmlkjhgfdsaqwertyuiozxcvbnmlkjhgfdsaqwertyuiozxcvbnmlkjhgfdsaqwertyuiozxcvbnmlkjhgfdsaqwertyuiozxcvbnmlkjhgfdsaqwertyuiozxcvbnmlkjhgfdsaqwertyuzxcvbnmlkjhgfdsaqwertyuiozxcvbnmlkjhgfdsaqwertyuiozxcvbnmlkjhgfdsaqwertyuiozxcvbnmlkjhgfdsaqwertyuiozxcvbnmlkjhgfdsaqwertyuiozxcvbnmlkjhgfdsaqwertyuiozxcvbnmlkjhgfdsaqwertyuiozxcvbnmlkjhgfdsaqwertyuio zxcvbnmlkjhgfdsaqwertyuiozxcvbnmlkjhgfdsaqwertyuiozxcvbnmlkjhgfdsaqwertyuiozxcvbnmlkjhgfdsaqwertyuiozxcvbnmlkjhgfdsaqwertyuiozxcvbnmlkjhgfdsaqwertyuiozxcvbnmlkjhgfdsaqwertyuiozxcvbnmlkjhgfdsaqwezxcvbnmlkjhgfdsaqwertyuiozxcvbnmlkjhgfdsaqwertyuiozxcvbnmlkjhgfdsaqwertyuiozxcvbnmlkjhgfdsaqwertyuiozxcvbnmlkjhgfdsaqwertyuiozxcvbnmlkjhgfdsaqwertyuio]]>
              </value>
            </param>
          </params>
          <reporter-output>
          </reporter-output>
        </test-method> <!-- Com -->
        <test-method signature="Com(java.lang.String,java.lang.String,java.lang.String,java.lang.String,java.lang.String,java.lang.String,java.lang.String)[pri:0, instance:page.Sign_Up@3bf9ce3e]" started-at="2022-09-19T16:38:57 IST" name="Com" data-provider="details" finished-at="2022-09-19T16:39:05 IST" duration-ms="8071" status="PASS">
          <params>
            <param index="0">
              <value>
                <![CDATA[komatinei]]>
              </value>
            </param>
            <param index="1">
              <value>
                <![CDATA[laksmii]]>
              </value>
            </param>
            <param index="2">
              <value>
                <![CDATA[lucky@gmail.com]]>
              </value>
            </param>
            <param index="3">
              <value>
                <![CDATA[lakhmi123]]>
              </value>
            </param>
            <param index="4">
              <value>
                <![CDATA[11/11/1999]]>
              </value>
            </param>
            <param index="5">
              <value>
                <![CDATA[9618484594]]>
              </value>
            </param>
            <param index="6">
              <value>
                <![CDATA[zxcvbnmlkjhgfdsaqwertyuiozxcvbnnnnmlkjhgfdsaqwertyuiozxcvbnmlkjhgfdsaqwertyuiozxcvbnmlkjhgfdsaqwertyuiozxcvbnmlkjhgfdsaqwertyuiozxcvbnmlkjhgfdsaqwertyuiozxcvbnmlkjhgfdaqwertyuiozxcvbnmlkjhgfdsaqwert zxcvbnmlkjhgfdsaqwertyuiozxcvbnmlkjhgfdsaqwertyuiozxcvbnmlkjhgfdsaqwertyuiozxcvbnmlkjhgfdsaqwertyuiozxcvbnmlkjhgfdsaqwertyuiozxcvbnmlkjhgfdsaqwertyuiozxcvbnmlkjhgfdsaqwertyuiozxcvbnmlkjhgfdsaqwertyuzxcvbnmlkjhgfdsaqwertyuiozxcvbnmlkjhgfdsaqwertyuiozxcvbnmlkjhgfdsaqwertyuiozxcvbnmlkjhgfdsaqwertyuiozxcvbnmlkjhgfdsaqwertyuiozxcvbnmlkjhgfdsaqwertyuiozxcvbnmlkjhgfdsaqwertyuiozxcvbnmlkjhgfdsaqwertyuio zxcvbnmlkjhgfdsaqwertyuiozxcvbnmlkjhgfdsaqwertyuiozxcvbnmlkjhgfdsaqwertyuiozxcvbnmlkjhgfdsaqwertyuiozxcvbnmlkjhgfdsaqwertyuiozxcvbnmlkjhgfdsaqwertyuiozxcvbnmlkjhgfdsaqwertyuiozxcvbnmlkjhgfdsaqwezxcvbnmlkjhgfdsaqwertyuiozxcvbnmlkjhgfdsaqwertyuiozxcvbnmlkjhgfdsaqwertyuiozxcvbnmlkjhgfdsaqwertyuiozxcvbnmlkjhgfdsaqwertyuiozxcvbnmlkj]]>
              </value>
            </param>
          </params>
          <reporter-output>
          </reporter-output>
        </test-method> <!-- Com -->
        <test-method signature="Com(java.lang.String,java.lang.String,java.lang.String,java.lang.String,java.lang.String,java.lang.String,java.lang.String)[pri:0, instance:page.Sign_Up@3bf9ce3e]" started-at="2022-09-19T16:39:05 IST" name="Com" data-provider="details" finished-at="2022-09-19T16:39:13 IST" duration-ms="7271" status="PASS">
          <params>
            <param index="0">
              <value>
                <![CDATA[komatinei]]>
              </value>
            </param>
            <param index="1">
              <value>
                <![CDATA[laksmii]]>
              </value>
            </param>
            <param index="2">
              <value>
                <![CDATA[lucky@gmail.com]]>
              </value>
            </param>
            <param index="3">
              <value>
                <![CDATA[lakhmi123]]>
              </value>
            </param>
            <param index="4">
              <value>
                <![CDATA[11/11/1999]]>
              </value>
            </param>
            <param index="5">
              <value>
                <![CDATA[9618484594]]>
              </value>
            </param>
            <param index="6">
              <value>
                <![CDATA[         ]]>
              </value>
            </param>
          </params>
          <reporter-output>
          </reporter-output>
        </test-method> <!-- Com -->
      </class> <!-- page.Sign_Up -->
    </test> <!-- automation -->
  </suite> <!-- Suite -->
</testng-results>
